\BOOKMARK [0][-]{Hilfszaehler.2}{Nomenklatur}{}% 1
\BOOKMARK [0][-]{Hilfszaehler.3}{Abbildungsverzeichnis}{}% 2
\BOOKMARK [0][-]{Hilfszaehler.4}{Tabellenverzeichnis}{}% 3
\BOOKMARK [0][-]{Hilfszaehler.5}{Vorwort}{}% 4
\BOOKMARK [0][-]{chapter.1}{Motivation}{}% 5
\BOOKMARK [1][-]{section.1.1}{Sektion 1}{chapter.1}% 6
\BOOKMARK [2][-]{subsection.1.1.1}{Abschnitt 1}{section.1.1}% 7
\BOOKMARK [0][-]{chapter.2}{Pr\374fstand}{}% 8
\BOOKMARK [0][-]{chapter.3}{Versuchsdurchf\374hrung}{}% 9
\BOOKMARK [0][-]{chapter.4}{Analyse der Messergebnisse}{}% 10
\BOOKMARK [0][-]{chapter.5}{Zusammenfassung}{}% 11
\BOOKMARK [0][-]{chapter.6}{Technik/Methoden}{}% 12
\BOOKMARK [1][-]{section.6.1}{Das K\374hlregal}{chapter.6}% 13
\BOOKMARK [1][-]{section.6.2}{Die Klimakammer}{chapter.6}% 14
\BOOKMARK [1][-]{section.6.3}{Erfassung von Messdaten}{chapter.6}% 15
\BOOKMARK [2][-]{subsection.6.3.1}{Messdaten der Klimakammer}{section.6.3}% 16
\BOOKMARK [2][-]{subsection.6.3.2}{Messdaten des K\374hlregals}{section.6.3}% 17
\BOOKMARK [2][-]{subsection.6.3.3}{Messdaten des Leistungsanalysators}{section.6.3}% 18
\BOOKMARK [0][-]{chapter.7}{Pr\374fstand}{}% 19
\BOOKMARK [0][-]{Hilfszaehler.6}{Literaturverzeichnis}{}% 20
\BOOKMARK [0][-]{appendix.A}{Wirklich wichtiger Anhang}{}% 21
\BOOKMARK [1][-]{section.A.1}{Die Versalien}{appendix.A}% 22
\BOOKMARK [0][-]{appendix.B}{Wichtiger Anhang}{}% 23
